[ 2016-09-19T18:44:39+08:00 ] 127.0.0.1 /Blog/A
INFO: [ app_init ] --START--
INFO: Run Behavior\BuildLiteBehavior [ RunTime:0.000043s ]
INFO: [ app_init ] --END-- [ RunTime:0.000686s ]
ERR: цЧац│ХхКаш╜╜цибхЭЧ:A

[ 2016-09-19T19:20:48+08:00 ] 127.0.0.1 /Blog/css/main.css
INFO: [ app_init ] --START--
INFO: Run Behavior\BuildLiteBehavior [ RunTime:0.000042s ]
INFO: [ app_init ] --END-- [ RunTime:0.000913s ]
ERR: цЧац│ХхКаш╜╜цибхЭЧ:Css

[ 2016-09-19T19:20:48+08:00 ] 127.0.0.1 /Blog/js/libs/modernizr.min.js
INFO: [ app_init ] --START--
INFO: Run Behavior\BuildLiteBehavior [ RunTime:0.000042s ]
INFO: [ app_init ] --END-- [ RunTime:0.001001s ]
ERR: цЧац│ХхКаш╜╜цибхЭЧ:Js

[ 2016-09-19T19:20:49+08:00 ] 127.0.0.1 /Blog/css/main.css
INFO: [ app_init ] --START--
INFO: Run Behavior\BuildLiteBehavior [ RunTime:0.000034s ]
INFO: [ app_init ] --END-- [ RunTime:0.000622s ]
ERR: цЧац│ХхКаш╜╜цибхЭЧ:Css

бхЭЧ:Js

[ 2016-09-19T19:21:40+08:00 ] 127.0.0.1 /Blog/design.html
INFO: [ app_init ] --START--
INFO: Run Behavior\BuildLiteBehavior [ RunTime:0.000032s ]
INFO: [ app_init ] --END-- [ RunTime:0.000677s ]
ERR: цЧац│ХхКаш╜╜цибхЭЧ:Design

[ 2016-09-19T19:21:44+08:00 ] 127.0.0.1 /Blog/design.html
INFO: [ app_init ] --START--
INFO: Run Behavior\BuildLiteBehavior [ RunTime:0.000029s ]
INFO: [ app_init ] --END-- [ RunTime:0.000687s ]
ERR: цЧац│ХхКаш╜╜цибхЭЧ:Design

[ 2016-09-19T19:21:47+08:00 ] 127.0.0.1 /Blog/design.html
INFO: [ app_init ] --START--
INFO: Run Behavior\BuildLiteBehavior [ RunTime:0.000043s ]
INFO: [ app_init ] --END-- [ RunTime:0.000796s ]
ERR: цЧац│ХхКаш╜╜цибхЭЧ:Design

